[18:28:17] This is prokka 1.14.6
[18:28:17] Written by Torsten Seemann <torsten.seemann@gmail.com>
[18:28:17] Homepage is https://github.com/tseemann/prokka
[18:28:17] Local time is Fri Apr 12 18:28:17 2024
[18:28:17] You are downing
[18:28:17] Operating system is linux
[18:28:17] You have BioPerl 1.7.8
[18:28:17] System has 64 cores.
[18:28:17] Will use maximum of 8 cores.
[18:28:17] Annotating as >>> Viruses <<<
[18:28:17] Generating locus_tag from '../CURRENT/PANGROWTH/SEQS/AY077835.1_Goatpox_virus_Pellor_2000.fa' contents.
[18:28:17] Setting --locustag LCHLHAEM from MD5 5c151ae6b5f7a4f6ed51d6bbda44c264
[18:28:17] Creating new output folder: ../CURRENT/PANGROWTH/SEQS/AY077835.1_Goatpox_virus_Pellor_2000_PROKKA
[18:28:17] Running: mkdir -p \.\.\/CURRENT\/PANGROWTH\/SEQS\/AY077835\.1_Goatpox_virus_Pellor_2000_PROKKA
[18:28:17] Using filename prefix: AY077835.1_Goatpox_virus_Pellor_2000.XXX
[18:28:17] Setting HMMER_NCPU=1
[18:28:17] Writing log to: ../CURRENT/PANGROWTH/SEQS/AY077835.1_Goatpox_virus_Pellor_2000_PROKKA/AY077835.1_Goatpox_virus_Pellor_2000.log
[18:28:17] Command: /mnt/lustre/RDS-live/downing/miniconda3/envs/snippy/bin/prokka --kingdom Viruses --proteins KX894508.gb --gffver 3 --usegenus --outdir ../CURRENT/PANGROWTH/SEQS/AY077835.1_Goatpox_virus_Pellor_2000_PROKKA --force --genus Capripoxvirus --prefix AY077835.1_Goatpox_virus_Pellor_2000 ../CURRENT/PANGROWTH/SEQS/AY077835.1_Goatpox_virus_Pellor_2000.fa
[18:28:17] Appending to PATH: /mnt/lustre/RDS-live/downing/miniconda3/envs/snippy/bin
[18:28:17] Looking for 'aragorn' - found /mnt/lustre/RDS-live/downing/miniconda3/envs/snippy/bin/aragorn
[18:28:17] Determined aragorn version is 001002 from 'ARAGORN v1.2.41 Dean Laslett'
[18:28:17] Looking for 'barrnap' - found /mnt/lustre/RDS-live/downing/miniconda3/envs/snippy/bin/barrnap
[18:28:17] Determined barrnap version is 000009 from 'barrnap 0.9'
[18:28:17] Looking for 'blastp' - found /mnt/lustre/RDS-live/downing/miniconda3/envs/snippy/bin/blastp
[18:28:17] Determined blastp version is 002013 from 'blastp: 2.13.0+'
[18:28:17] Looking for 'cmpress' - found /mnt/lustre/RDS-live/downing/miniconda3/envs/snippy/bin/cmpress
[18:28:17] Determined cmpress version is 001001 from '# INFERNAL 1.1.4 (Dec 2020)'
[18:28:17] Looking for 'cmscan' - found /mnt/lustre/RDS-live/downing/miniconda3/envs/snippy/bin/cmscan
[18:28:17] Determined cmscan version is 001001 from '# INFERNAL 1.1.4 (Dec 2020)'
[18:28:17] Looking for 'egrep' - found /usr/bin/egrep
[18:28:17] Looking for 'find' - found /usr/bin/find
[18:28:17] Looking for 'grep' - found /usr/bin/grep
[18:28:17] Looking for 'hmmpress' - found /mnt/lustre/RDS-live/downing/miniconda3/envs/snippy/bin/hmmpress
[18:28:17] Determined hmmpress version is 003003 from '# HMMER 3.3.2 (Nov 2020); http://hmmer.org/'
[18:28:17] Looking for 'hmmscan' - found /mnt/lustre/RDS-live/downing/miniconda3/envs/snippy/bin/hmmscan
[18:28:17] Determined hmmscan version is 003003 from '# HMMER 3.3.2 (Nov 2020); http://hmmer.org/'
[18:28:17] Looking for 'java' - found /mnt/lustre/RDS-live/downing/miniconda3/envs/snippy/bin/java
[18:28:17] Looking for 'makeblastdb' - found /mnt/lustre/RDS-live/downing/miniconda3/envs/snippy/bin/makeblastdb
[18:28:17] Determined makeblastdb version is 002013 from 'makeblastdb: 2.13.0+'
[18:28:17] Looking for 'minced' - found /mnt/lustre/RDS-live/downing/miniconda3/envs/snippy/bin/minced
[18:28:17] Determined minced version is 004002 from 'minced 0.4.2'
[18:28:17] Looking for 'parallel' - found /mnt/lustre/RDS-live/downing/miniconda3/envs/snippy/bin/parallel
[18:28:18] Determined parallel version is 20220922 from 'GNU parallel 20220922'
[18:28:18] Looking for 'prodigal' - found /mnt/lustre/RDS-live/downing/miniconda3/envs/snippy/bin/prodigal
[18:28:18] Determined prodigal version is 002006 from 'Prodigal V2.6.3: February, 2016'
[18:28:18] Looking for 'prokka-genbank_to_fasta_db' - found /mnt/lustre/RDS-live/downing/miniconda3/envs/snippy/bin/prokka-genbank_to_fasta_db
[18:28:18] Looking for 'sed' - found /cm/shared/apps/mambaforge/envs/R.4.2.2/bin/sed
[18:28:18] Looking for 'tbl2asn' - found /mnt/lustre/RDS-live/downing/miniconda3/envs/snippy/bin/tbl2asn
[18:28:18] Determined tbl2asn version is 025007 from 'tbl2asn 25.7   arguments:'
[18:28:18] Using genetic code table 1.
[18:28:18] Loading and checking input file: ../CURRENT/PANGROWTH/SEQS/AY077835.1_Goatpox_virus_Pellor_2000.fa
[18:28:18] Wrote 1 contigs totalling 149599 bp.
[18:28:18] Predicting tRNAs and tmRNAs
[18:28:18] Running: aragorn -l -gc1  -w \.\.\/CURRENT\/PANGROWTH\/SEQS\/AY077835\.1_Goatpox_virus_Pellor_2000_PROKKA\/AY077835\.1_Goatpox_virus_Pellor_2000\.fna
[18:28:18] Found 0 tRNAs
[18:28:18] Disabling rRNA search: --kingdom=Viruses or --norrna=0
[18:28:18] Skipping ncRNA search, enable with --rfam if desired.
[18:28:18] Total of 0 tRNA + rRNA features
[18:28:18] Searching for CRISPR repeats
[18:28:18] Found 0 CRISPRs
[18:28:18] Predicting coding sequences
[18:28:18] Contigs total 149599 bp, so using single mode
[18:28:18] Running: prodigal -i \.\.\/CURRENT\/PANGROWTH\/SEQS\/AY077835\.1_Goatpox_virus_Pellor_2000_PROKKA\/AY077835\.1_Goatpox_virus_Pellor_2000\.fna -c -m -g 1 -p single -f sco -q
[18:28:18] Found 149 CDS
[18:28:18] Connecting features back to sequences
[18:28:18] Skipping genus-specific proteins as can't see /mnt/lustre/RDS-live/downing/miniconda3/envs/snippy/db/Capripoxvirus
[18:28:18] Annotating CDS, please be patient.
[18:28:18] Will use 8 CPUs for similarity searching.
[18:28:18] There are still 149 unannotated CDS left (started with 149)
[18:28:18] Will use blast to search against /mnt/lustre/RDS-live/downing/miniconda3/envs/snippy/db/kingdom/Viruses/sprot with 8 CPUs
[18:28:18] Running: cat \.\.\/CURRENT\/PANGROWTH\/SEQS\/AY077835\.1_Goatpox_virus_Pellor_2000_PROKKA\/AY077835\.1_Goatpox_virus_Pellor_2000\.sprot\.tmp\.601944\.faa | parallel --gnu --plain -j 8 --block 2927 --recstart '>' --pipe blastp -query - -db /mnt/lustre/RDS-live/downing/miniconda3/envs/snippy/db/kingdom/Viruses/sprot -evalue 1e-09 -qcov_hsp_perc 80 -num_threads 1 -num_descriptions 1 -num_alignments 1 -seg no > \.\.\/CURRENT\/PANGROWTH\/SEQS\/AY077835\.1_Goatpox_virus_Pellor_2000_PROKKA\/AY077835\.1_Goatpox_virus_Pellor_2000\.sprot\.tmp\.601944\.blast 2> /dev/null
[18:28:19] Modify product: Viral interleukin-10 homolog => Viral interleukin-10 
[18:28:19] Modify product: Probable FAD-linked sulfhydryl oxidase E10 => putative FAD-linked sulfhydryl oxidase E10
[18:28:19] Modify product: Protein J1 homolog => Protein J1 
[18:28:19] Modify product: Probable dual specificity protein phosphatase H1 homolog => putative dual specificity protein phosphatase H1 
[18:28:19] Cleaned 4 /product names
[18:28:19] Deleting unwanted file: ../CURRENT/PANGROWTH/SEQS/AY077835.1_Goatpox_virus_Pellor_2000_PROKKA/AY077835.1_Goatpox_virus_Pellor_2000.sprot.tmp.601944.faa
[18:28:19] Deleting unwanted file: ../CURRENT/PANGROWTH/SEQS/AY077835.1_Goatpox_virus_Pellor_2000_PROKKA/AY077835.1_Goatpox_virus_Pellor_2000.sprot.tmp.601944.blast
[18:28:19] Deleting unwanted file: ../CURRENT/PANGROWTH/SEQS/AY077835.1_Goatpox_virus_Pellor_2000_PROKKA/proteins.psq
[18:28:19] Deleting unwanted file: ../CURRENT/PANGROWTH/SEQS/AY077835.1_Goatpox_virus_Pellor_2000_PROKKA/proteins.phr
[18:28:19] Deleting unwanted file: ../CURRENT/PANGROWTH/SEQS/AY077835.1_Goatpox_virus_Pellor_2000_PROKKA/proteins.pin
[18:28:19] Labelling remaining 49 proteins as 'hypothetical protein'
[18:28:19] Possible /pseudo 'Ankyrin repeat domain-containing protein M-T5' at AY077835.1_Goatpox_virus_Pellor_2000 position 141206
[18:28:19] Found 34 unique /gene codes.
[18:28:19] Fixed 2 duplicate /gene - KBTB1_1 KBTB1_2
[18:28:19] Fixed 1 colliding /gene names.
[18:28:19] Adding /locus_tag identifiers
[18:28:19] Assigned 149 locus_tags to CDS and RNA features.
[18:28:19] Writing outputs to ../CURRENT/PANGROWTH/SEQS/AY077835.1_Goatpox_virus_Pellor_2000_PROKKA/
[18:28:19] Generating annotation statistics file
[18:28:19] Generating Genbank and Sequin files
[18:28:19] Running: tbl2asn -V b -a r10k -l paired-ends -M n -N 1 -y 'Annotated using prokka 1.14.6 from https://github.com/tseemann/prokka' -Z \.\.\/CURRENT\/PANGROWTH\/SEQS\/AY077835\.1_Goatpox_virus_Pellor_2000_PROKKA\/AY077835\.1_Goatpox_virus_Pellor_2000\.err -i \.\.\/CURRENT\/PANGROWTH\/SEQS\/AY077835\.1_Goatpox_virus_Pellor_2000_PROKKA\/AY077835\.1_Goatpox_virus_Pellor_2000\.fsa 2> /dev/null
[18:28:19] Deleting unwanted file: ../CURRENT/PANGROWTH/SEQS/AY077835.1_Goatpox_virus_Pellor_2000_PROKKA/errorsummary.val
[18:28:19] Deleting unwanted file: ../CURRENT/PANGROWTH/SEQS/AY077835.1_Goatpox_virus_Pellor_2000_PROKKA/AY077835.1_Goatpox_virus_Pellor_2000.dr
[18:28:19] Deleting unwanted file: ../CURRENT/PANGROWTH/SEQS/AY077835.1_Goatpox_virus_Pellor_2000_PROKKA/AY077835.1_Goatpox_virus_Pellor_2000.fixedproducts
[18:28:19] Deleting unwanted file: ../CURRENT/PANGROWTH/SEQS/AY077835.1_Goatpox_virus_Pellor_2000_PROKKA/AY077835.1_Goatpox_virus_Pellor_2000.ecn
[18:28:19] Deleting unwanted file: ../CURRENT/PANGROWTH/SEQS/AY077835.1_Goatpox_virus_Pellor_2000_PROKKA/AY077835.1_Goatpox_virus_Pellor_2000.val
[18:28:19] Repairing broken .GBK output that tbl2asn produces...
[18:28:19] Running: sed 's/COORDINATES: profile/COORDINATES:profile/' < \.\.\/CURRENT\/PANGROWTH\/SEQS\/AY077835\.1_Goatpox_virus_Pellor_2000_PROKKA\/AY077835\.1_Goatpox_virus_Pellor_2000\.gbf > \.\.\/CURRENT\/PANGROWTH\/SEQS\/AY077835\.1_Goatpox_virus_Pellor_2000_PROKKA\/AY077835\.1_Goatpox_virus_Pellor_2000\.gbk
[18:28:19] Deleting unwanted file: ../CURRENT/PANGROWTH/SEQS/AY077835.1_Goatpox_virus_Pellor_2000_PROKKA/AY077835.1_Goatpox_virus_Pellor_2000.gbf
[18:28:19] Output files:
[18:28:19] ../CURRENT/PANGROWTH/SEQS/AY077835.1_Goatpox_virus_Pellor_2000_PROKKA/AY077835.1_Goatpox_virus_Pellor_2000.tbl
[18:28:19] ../CURRENT/PANGROWTH/SEQS/AY077835.1_Goatpox_virus_Pellor_2000_PROKKA/AY077835.1_Goatpox_virus_Pellor_2000.gff
[18:28:19] ../CURRENT/PANGROWTH/SEQS/AY077835.1_Goatpox_virus_Pellor_2000_PROKKA/AY077835.1_Goatpox_virus_Pellor_2000.err
[18:28:19] ../CURRENT/PANGROWTH/SEQS/AY077835.1_Goatpox_virus_Pellor_2000_PROKKA/AY077835.1_Goatpox_virus_Pellor_2000.faa
[18:28:19] ../CURRENT/PANGROWTH/SEQS/AY077835.1_Goatpox_virus_Pellor_2000_PROKKA/AY077835.1_Goatpox_virus_Pellor_2000.tsv
[18:28:19] ../CURRENT/PANGROWTH/SEQS/AY077835.1_Goatpox_virus_Pellor_2000_PROKKA/AY077835.1_Goatpox_virus_Pellor_2000.fsa
[18:28:19] ../CURRENT/PANGROWTH/SEQS/AY077835.1_Goatpox_virus_Pellor_2000_PROKKA/AY077835.1_Goatpox_virus_Pellor_2000.log
[18:28:19] ../CURRENT/PANGROWTH/SEQS/AY077835.1_Goatpox_virus_Pellor_2000_PROKKA/AY077835.1_Goatpox_virus_Pellor_2000.txt
[18:28:19] ../CURRENT/PANGROWTH/SEQS/AY077835.1_Goatpox_virus_Pellor_2000_PROKKA/AY077835.1_Goatpox_virus_Pellor_2000.gbk
[18:28:19] ../CURRENT/PANGROWTH/SEQS/AY077835.1_Goatpox_virus_Pellor_2000_PROKKA/AY077835.1_Goatpox_virus_Pellor_2000.sqn
[18:28:19] ../CURRENT/PANGROWTH/SEQS/AY077835.1_Goatpox_virus_Pellor_2000_PROKKA/AY077835.1_Goatpox_virus_Pellor_2000.fna
[18:28:19] ../CURRENT/PANGROWTH/SEQS/AY077835.1_Goatpox_virus_Pellor_2000_PROKKA/AY077835.1_Goatpox_virus_Pellor_2000.ffn
[18:28:19] Annotation finished successfully.
[18:28:19] Walltime used: 0.03 minutes
[18:28:19] If you use this result please cite the Prokka paper:
[18:28:19] Seemann T (2014) Prokka: rapid prokaryotic genome annotation. Bioinformatics. 30(14):2068-9.
[18:28:19] Type 'prokka --citation' for more details.
[18:28:19] Thank you, come again.
