
RAxML-NG v. 1.2.0 released on 09.05.2023 by The Exelixis Lab.
Developed by: Alexey M. Kozlov and Alexandros Stamatakis.
Contributors: Diego Darriba, Tomas Flouri, Benoit Morel, Sarah Lutteropp, Ben Bettisworth, Julia Haag, Anastasis Togkousidis.
Latest version: https://github.com/amkozlov/raxml-ng
Questions/problems/suggestions? Please visit: https://groups.google.com/forum/#!forum/raxml

System: AMD EPYC 7543P 32-Core Processor, 32 cores, 995 GB RAM

RAxML-NG was called at 03-Apr-2024 16:13:54 as follows:

raxml-ng --all --msa /mnt/lustre/RDS-live/downing/LSDV_PVG/121_SAMPLE_PVG/goatpox_2_virus_2.aln --model GTR+G4 --prefix T14 --seed 21231 --bs-metric fbp,tbe --redo

Analysis options:
  run mode: ML tree search + bootstrapping (Felsenstein Bootstrap + Transfer Bootstrap)
  start tree(s): random (10) + parsimony (10)
  bootstrap replicates: parsimony (max: 1000) + bootstopping (autoMRE, cutoff: 0.030000)
  random seed: 21231
  tip-inner: OFF
  pattern compression: ON
  per-rate scalers: OFF
  site repeats: ON
  logLH epsilon: general: 10.000000, brlen-triplet: 1000.000000
  fast spr radius: AUTO
  spr subtree cutoff: 1.000000
  fast CLV updates: ON
  branch lengths: proportional (ML estimate, algorithm: NR-FAST)
  SIMD kernels: AVX2
  parallelization: coarse-grained (auto), PTHREADS (auto)

WARNING: Running in REDO mode: existing checkpoints are ignored, and all result files will be overwritten!

[00:00:00] Reading alignment from file: /mnt/lustre/RDS-live/downing/LSDV_PVG/121_SAMPLE_PVG/goatpox_2_virus_2.aln
[00:00:00] Loaded alignment with 4 taxa and 151021 sites

WARNING: Fully undetermined columns found: 2001

NOTE: Reduced alignment (with duplicates and gap-only sites/taxa removed) 
NOTE: was saved to: /mnt/lustre/RDS-live/downing/LSDV_PVG/121_SAMPLE_PVG/bin/T14.raxml.reduced.phy

Alignment comprises 1 partitions and 178 patterns

Partition 0: noname
Model: GTR+FO+G4m
Alignment sites / patterns: 149020 / 178
Gaps: 0.52 %
Invariant sites: 98.42 %


NOTE: Binary MSA file created: T14.raxml.rba

Parallelization scheme autoconfig: 32 worker(s) x 1 thread(s)

[00:00:00] Generating 10 random starting tree(s) with 4 taxa
[00:00:00] Generating 10 parsimony starting tree(s) with 4 taxa
Parallel parsimony with 32 threads
Parallel reduction/worker buffer size: 1 KB  / 0 KB

[00:00:00] Data distribution: max. partitions/sites/weight per thread: 1 / 178 / 2848
[00:00:00] Data distribution: max. searches per worker: 33

Starting ML tree search with 20 distinct starting trees

[00:00:00] [worker #16] ML tree search #17, logLikelihood: -204345.202738
[00:00:00] [worker #4] ML tree search #5, logLikelihood: -204345.202747
[00:00:00] [worker #1] ML tree search #2, logLikelihood: -204345.202740
[00:00:00] [worker #6] ML tree search #7, logLikelihood: -204345.202747
[00:00:00] [worker #2] ML tree search #3, logLikelihood: -204345.202740
[00:00:00] [worker #10] ML tree search #11, logLikelihood: -204345.202737
[00:00:00] [worker #17] ML tree search #18, logLikelihood: -204345.202746
[00:00:00] [worker #11] ML tree search #12, logLikelihood: -204345.202740
[00:00:00] [worker #12] ML tree search #13, logLikelihood: -204345.202738
[00:00:00] [worker #0] ML tree search #1, logLikelihood: -204345.202747
[00:00:00] [worker #15] ML tree search #16, logLikelihood: -204345.202747
[00:00:00] [worker #13] ML tree search #14, logLikelihood: -204345.202737
[00:00:00] [worker #8] ML tree search #9, logLikelihood: -204345.202747
[00:00:00] [worker #14] ML tree search #15, logLikelihood: -204345.202736
[00:00:00] [worker #5] ML tree search #6, logLikelihood: -204345.202747
[00:00:00] [worker #19] ML tree search #20, logLikelihood: -204345.202738
[00:00:00] [worker #7] ML tree search #8, logLikelihood: -204345.202640
[00:00:00] [worker #9] ML tree search #10, logLikelihood: -204345.202747
[00:00:00] [worker #18] ML tree search #19, logLikelihood: -204345.202738
[00:00:00] [worker #3] ML tree search #4, logLikelihood: -204345.202640

[00:00:00] ML tree search completed, best tree logLH: -204345.202640

[00:00:00] Starting bootstrapping analysis with 1000 replicates.

[00:00:00] [worker #1] Bootstrap tree #2, logLikelihood: -204626.723770
[00:00:00] [worker #23] Bootstrap tree #24, logLikelihood: -204372.496135
[00:00:00] [worker #22] Bootstrap tree #23, logLikelihood: -204312.542095
[00:00:00] [worker #21] Bootstrap tree #22, logLikelihood: -204535.544154
[00:00:00] [worker #25] Bootstrap tree #26, logLikelihood: [00:00:00] [worker #14] Bootstrap tree #15, logLikelihood: 
[00:00:00] [worker #25] Bootstrap tree #26, logLikelihood: [00:00:00] [worker #14] Bootstrap tree #15, logLikelihood: 
-204622.200823

[00:00:00] [worker #29] Bootstrap tree #30, logLikelihood: -205291.758154

[00:00:00] [worker #8] Bootstrap tree #9, logLikelihood: -204529.769174
[00:00:00] [worker #31] Bootstrap tree #32, logLikelihood: -204188.676869
[00:00:00] [worker #7] Bootstrap tree #8, logLikelihood: -204171.728631
[00:00:00] [worker #13] Bootstrap tree #14, logLikelihood: -204437.547018
[00:00:00] [worker #12] Bootstrap tree #13, logLikelihood: -204644.203219
28[00:00:00] [worker #18] Bootstrap tree #19, logLikelihood: , logLikelihood: -204629.656934
28[00:00:00] [worker #18] Bootstrap tree #19, logLikelihood: , logLikelihood: -204629.656934

[00:00:00] [worker #30] Bootstrap tree #31, logLikelihood: -204056.911147
[00:00:00] [worker #17] Bootstrap tree #18, logLikelihood: -203996.525809
[00:00:00] [worker #11] Bootstrap tree #12, logLikelihood: -204484.116670
[00:00:00] [worker #2] Bootstrap tree #3, logLikelihood: -204341.793954
[00:00:00] [worker #6] Bootstrap tree #7, logLikelihood: -204361.592550
[00:00:00] [worker #16] Bootstrap tree #17, logLikelihood: -203396.978081
[00:00:00] [worker #5] Bootstrap tree #6, logLikelihood: -204128.574506
[00:00:00] [worker #3] Bootstrap tree #4, logLikelihood: -204367.737943
[00:00:00] [worker #4] Bootstrap tree #5, logLikelihood: -204021.976959
[00:00:00] [worker #15] Bootstrap tree #16, logLikelihood: -204551.626433
00[::00:00] [worker #10] Bootstrap tree #11, logLikelihood: 00:00] [worker #9] B00:00:00] [worker #26] Bootstrap tree #27, logLikelihood: 

[00:00:00] [worker #28] Bootstrap tree #29, logLikelihood: -203509.117789
[00:00:00] [worker #20] Bootstrap tree #21, logLikelihood: -204453.203267
[00:00:00] [worker #0] Bootstrap tree #1, logLikelihood: -204130.212795
[00:00:00] [worker #21] Bootstrap tree #54, logLikelihood: -205449.201882
[00:00:00] [worker #19] Bootstrap tree #52, logLikelihood: -203519.699444
[00:00:00] [worker #1] Bootstrap tree #34, logLikelihood: -204128.662442
[00:00:00] [worker #22] Bootstrap tree #55, logLikelihood: -204334.087973
[00:00:00] [worker #23] Bootstrap tree #56, logLikelihood: -204472.178157
[00:00:00] [worker #24] Bootstrap tree #57, logLikelihood: -204435.380056
[00:00:00] [worker #8] Bootstrap tree #41, logLikelihood: -204395.985160
[00:00:00] [worker #30] Bootstrap tree #63, logLikelihood: -204333.464280
[00:00:00] [worker #31] Bootstrap tree #64, logLikelihood: -204251.308526
[00:00:00] [worker #25] Bootstrap tree #58, logLikelihood: -204346.437734
[00:00:00] [worker #29] Bootstrap tree #62, logLikelihood: -204599.052995
[00:00:00] [worker #17] Bootstrap tree #50, logLikelihood: -204241.943848
[00:00:00] [worker #13] Bootstrap tree #46, logLikelihood: -203996.644469
[00:00:00] [worker #3] Bootstrap tree #36, logLikelihood: -203950.258082
[00:00:00] [worker #12] Bootstrap tree #45, logLikelihood: -204771.794961
[00:00:00] [worker #11] Bootstrap tree #44, logLikelihood: -204052.157740
[00:00:00] [worker #7] Bootstrap tree #40, logLikelihood: -204302.166421
[00:00:00] [worker #18] Bootstrap tree #51, logLikelihood: -204515.642298
[00:00:00] [worker #14] Bootstrap tree #47, logLikelihood: -203827.136193
[00:00:00] [worker #5] Bootstrap tree #38, logLikelihood: -204192.860770
[00:00:00] [worker #28] Bootstrap tree #61, logLikelihood: -204657.462280
[00:00:00] [worker #2] Bootstrap tree #35, logLikelihood: -204646.235543
[00:00:00] [worker #16] Bootstrap tree #49, logLikelihood: -204758.505902
[00:00:00] [worker #27] Bootstrap tree #60, logLikelihood: -203963.782727[
[-203917.88489000:00:00] [worker #15] Bootstrap tree #48, logLikelihood: -204990.379809
[-203917.88489000:00:00] [worker #15] Bootstrap tree #48, logLikelihood: -204990.379809

[00:00:00] [worker #6] Bootstrap tree #39, logLikelihood: -204559.504163
[-203482.69746700:00:00] [worker #9] Bootstrap tree #42, logLikelihood: 
[-203482.69746700:00:00] [worker #9] Bootstrap tree #42, logLikelihood: 
-204358.398503
[00:00:00] [worker #26] Bootstrap tree #59, logLikelihood: -204698.431272
[00:00:00] [worker #20] Bootstrap tree #53, logLikelihood: -204060.422186
[00:00:00] [worker #0] Bootstrap tree #33, logLikelihood: -203925.312791
[00:00:00] Bootstrapping converged after 64 replicates.

Optimized model parameters:

   Partition 0: noname
   Rate heterogeneity: GAMMA (4 cats, mean),  alpha: 0.020135 (ML),  weights&rates: (0.250000,0.000000) (0.250000,0.000000) (0.250000,0.000001) (0.250000,3.999999) 
   Base frequencies (ML): 0.380607 0.122851 0.127929 0.368613 
   Substitution rates (ML): 0.995645 2.212376 0.259064 0.281193 2.312817 1.000000 


Final LogLikelihood: -204345.202640

AIC score: 408718.405280 / AICc score: 408718.408099 / BIC score: 408857.170981
Free parameters (model + branch lengths): 14

Best ML tree saved to: /mnt/lustre/RDS-live/downing/LSDV_PVG/121_SAMPLE_PVG/bin/T14.raxml.bestTree
All ML trees saved to: /mnt/lustre/RDS-live/downing/LSDV_PVG/121_SAMPLE_PVG/bin/T14.raxml.mlTrees
Best ML tree with Felsenstein bootstrap (FBP) support values saved to: /mnt/lustre/RDS-live/downing/LSDV_PVG/121_SAMPLE_PVG/bin/T14.raxml.supportFBP
Best ML tree with Transfer bootstrap (TBE) support values saved to: /mnt/lustre/RDS-live/downing/LSDV_PVG/121_SAMPLE_PVG/bin/T14.raxml.supportTBE
Optimized model saved to: /mnt/lustre/RDS-live/downing/LSDV_PVG/121_SAMPLE_PVG/bin/T14.raxml.bestModel
Bootstrap trees saved to: /mnt/lustre/RDS-live/downing/LSDV_PVG/121_SAMPLE_PVG/bin/T14.raxml.bootstraps

Execution log saved to: /mnt/lustre/RDS-live/downing/LSDV_PVG/121_SAMPLE_PVG/bin/T14.raxml.log

Analysis started: 03-Apr-2024 16:13:54 / finished: 03-Apr-2024 16:13:54

Elapsed time: 0.270 seconds

